2023-06-11-22 INFO [http-nio-8080-exec-6]-
                com.kzh.service.impl.OrderServiceImpl:164>>分页查询用户订单
2023-06-11-22 INFO [http-nio-8080-exec-9]-
                com.kzh.service.impl.OrderServiceImpl:164>>分页查询用户订单
2023-06-11-22 INFO [http-nio-8080-exec-5]-
                com.kzh.service.impl.ProductCommontsServiceImpl:44>>此商品暂无评论
2023-06-11-22 INFO [http-nio-8080-exec-4]-
                com.kzh.service.impl.ProductServiceImpl:83>>商品参数信息查询成功
2023-06-11-22 INFO [http-nio-8080-exec-3]-
                com.kzh.service.impl.ProductServiceImpl:68>>商品信息查询成功
2023-06-11-22 INFO [http-nio-8080-exec-10]-
                com.kzh.service.impl.UserAddrServiceImpl:33>>用户地址查询成功
2023-06-11-22 INFO [http-nio-8080-exec-9]-
                com.kzh.service.impl.ShoppingCartServiceImpl:88>>结算商品查询成功
2023-06-11-22 INFO [http-nio-8080-exec-1]-
                com.kzh.service.impl.ProductServiceImpl:83>>商品参数信息查询成功
2023-06-11-22 INFO [http-nio-8080-exec-5]-
                com.kzh.service.impl.ProductCommontsServiceImpl:44>>此商品暂无评论
2023-06-11-22 INFO [http-nio-8080-exec-2]-
                com.kzh.service.impl.ProductServiceImpl:68>>商品信息查询成功
2023-06-11-22 INFO [http-nio-8080-exec-6]-
                com.kzh.service.impl.ShoppingCartServiceImpl:104>>购物车商品删除失败
2023-06-11-22 INFO [http-nio-8080-exec-2]-
                com.kzh.service.impl.ProductServiceImpl:38>>商品推荐查询成功
2023-06-11-22 INFO [http-nio-8080-exec-7]-
                com.kzh.service.impl.CategoryServiceImpl:32>>分类推荐查询成功
2023-06-11-22 INFO [http-nio-8080-exec-1]-
                com.kzh.service.impl.ProductCommontsServiceImpl:44>>此商品暂无评论
2023-06-11-22 INFO [http-nio-8080-exec-9]-
                com.kzh.service.impl.ProductServiceImpl:83>>商品参数信息查询成功
2023-06-11-22 INFO [http-nio-8080-exec-10]-
                com.kzh.service.impl.ProductServiceImpl:68>>商品信息查询成功
2023-06-11-22 INFO [http-nio-8080-exec-5]-
                com.kzh.service.impl.ShoppingCartServiceImpl:46>>商品添加成功
2023-06-11-22 INFO [http-nio-8080-exec-7]-
                com.kzh.service.impl.UserAddrServiceImpl:33>>用户地址查询成功
2023-06-11-22 INFO [http-nio-8080-exec-6]-
                com.kzh.service.impl.ShoppingCartServiceImpl:88>>结算商品查询成功
2023-06-11-22 INFO [http-nio-8080-exec-4]-
                com.kzh.service.impl.OrderServiceImpl:41>>开始提交订单
2023-06-11-22 INFO [http-nio-8080-exec-4]-
                com.kzh.service.impl.OrderServiceImpl:63>>商品库存足够
2023-06-11-22 INFO [http-nio-8080-exec-4]-
                com.kzh.service.impl.OrderServiceImpl:107>>订单提交完成
2023-06-11-22 INFO [http-nio-8080-exec-2]-
                com.kzh.service.impl.OrderServiceImpl:119>>修改订单状态
2023-06-11-22 INFO [http-nio-8080-exec-3]-
                com.kzh.service.impl.OrderServiceImpl:119>>修改订单状态
2023-06-11-22 INFO [http-nio-8080-exec-8]-
                com.kzh.service.impl.OrderServiceImpl:119>>修改订单状态
2023-06-11-22 INFO [http-nio-8080-exec-1]-
                com.kzh.service.impl.OrderServiceImpl:119>>修改订单状态
2023-06-11-22 INFO [http-nio-8080-exec-10]-
                com.kzh.service.impl.OrderServiceImpl:119>>修改订单状态
2023-06-11-22 INFO [http-nio-8080-exec-7]-
                com.kzh.service.impl.OrderServiceImpl:119>>修改订单状态
2023-06-11-22 INFO [http-nio-8080-exec-4]-
                com.kzh.service.impl.OrderServiceImpl:164>>分页查询用户订单
2023-06-11-22 INFO [http-nio-8080-exec-5]-
                com.kzh.service.impl.OrderServiceImpl:119>>修改订单状态
2023-06-11-22 INFO [http-nio-8080-exec-3]-
                com.kzh.service.impl.ProductServiceImpl:38>>商品推荐查询成功
2023-06-11-22 INFO [http-nio-8080-exec-12]-
                com.kzh.service.impl.ProductServiceImpl:38>>商品推荐查询成功
2023-06-11-22 INFO [http-nio-8080-exec-14]-
                com.kzh.service.impl.CategoryServiceImpl:32>>分类推荐查询成功
2023-06-11-22 INFO [http-nio-8080-exec-10]-
                com.kzh.service.impl.CategoryServiceImpl:32>>分类推荐查询成功
2023-06-11-22 INFO [http-nio-8080-exec-3]-
                com.kzh.service.impl.ProductServiceImpl:38>>商品推荐查询成功
2023-06-11-22 INFO [http-nio-8080-exec-9]-
                com.kzh.service.impl.CategoryServiceImpl:32>>分类推荐查询成功
2023-06-11-22 INFO [http-nio-8080-exec-2]-
                com.kzh.service.impl.OrderServiceImpl:164>>分页查询用户订单
2023-06-11-22 INFO [http-nio-8080-exec-8]-
                com.kzh.service.impl.OrderServiceImpl:164>>分页查询用户订单
2023-06-11-22 INFO [http-nio-8080-exec-13]-
                com.kzh.service.impl.ProductServiceImpl:83>>商品参数信息查询成功
2023-06-11-22 INFO [http-nio-8080-exec-11]-
                com.kzh.service.impl.ProductServiceImpl:68>>商品信息查询成功
2023-06-11-22 INFO [http-nio-8080-exec-3]-
                com.kzh.service.impl.ProductCommontsServiceImpl:44>>此商品暂无评论
2023-06-11-22 INFO [http-nio-8080-exec-7]-
                com.kzh.service.impl.UserAddrServiceImpl:33>>用户地址查询成功
2023-06-11-22 INFO [http-nio-8080-exec-1]-
                com.kzh.service.impl.ShoppingCartServiceImpl:88>>结算商品查询成功
2023-06-11-22 INFO [SpringApplicationShutdownHook]-
                org.quartz.core.QuartzScheduler:585>>Scheduler quartzScheduler_$_NON_CLUSTERED paused.
2023-06-11-22 INFO [SpringApplicationShutdownHook]-
                org.springframework.scheduling.quartz.SchedulerFactoryBean:847>>Shutting down Quartz Scheduler
2023-06-11-22 INFO [SpringApplicationShutdownHook]-
                org.quartz.core.QuartzScheduler:666>>Scheduler quartzScheduler_$_NON_CLUSTERED shutting down.
2023-06-11-22 INFO [SpringApplicationShutdownHook]-
                org.quartz.core.QuartzScheduler:585>>Scheduler quartzScheduler_$_NON_CLUSTERED paused.
2023-06-11-22 INFO [SpringApplicationShutdownHook]-
                org.quartz.core.QuartzScheduler:740>>Scheduler quartzScheduler_$_NON_CLUSTERED shutdown complete.
2023-06-11-22 INFO [SpringApplicationShutdownHook]-
                com.alibaba.druid.pool.DruidDataSource:2029>>{dataSource-1} closing ...
2023-06-11-22 INFO [SpringApplicationShutdownHook]-
                com.alibaba.druid.pool.DruidDataSource:2101>>{dataSource-1} closed
2023-06-11-22 INFO [main]-
                org.springframework.boot.StartupInfoLogger:55>>Starting ApiApplication using Java 1.8.0_341 on KK with PID 16936 (C:\Users\kzh\Desktop\bookstore\api\target\classes started by kzh in C:\Users\kzh\Desktop\bookstore)
2023-06-11-22 INFO [main]-
                org.springframework.boot.SpringApplication:631>>No active profile set, falling back to 1 default profile: "default"
2023-06-11-22 INFO [main]-
                org.springframework.data.repository.config.RepositoryConfigurationDelegate:262>>Multiple Spring Data modules found, entering strict repository configuration mode
2023-06-11-22 INFO [main]-
                org.springframework.data.repository.config.RepositoryConfigurationDelegate:132>>Bootstrapping Spring Data Redis repositories in DEFAULT mode.
2023-06-11-22 INFO [main]-
                org.springframework.data.repository.config.RepositoryConfigurationDelegate:201>>Finished Spring Data repository scanning in 59 ms. Found 0 Redis repository interfaces.
2023-06-11-22 WARN [main]-
                org.mybatis.logging.Logger:44>>No MyBatis mapper was found in '[com.kzh]' package. Please check your configuration.
2023-06-11-22 INFO [main]-
                org.springframework.boot.web.embedded.tomcat.TomcatWebServer:108>>Tomcat initialized with port(s): 8080 (http)
2023-06-11-22 INFO [main]-
                org.apache.juli.logging.DirectJDKLog:173>>Initializing ProtocolHandler ["http-nio-8080"]
2023-06-11-22 INFO [main]-
                org.apache.juli.logging.DirectJDKLog:173>>Starting service [Tomcat]
2023-06-11-22 INFO [main]-
                org.apache.juli.logging.DirectJDKLog:173>>Starting Servlet engine: [Apache Tomcat/9.0.73]
2023-06-11-22 INFO [main]-
                org.apache.juli.logging.DirectJDKLog:173>>Initializing Spring embedded WebApplicationContext
2023-06-11-22 INFO [main]-
                org.springframework.boot.web.servlet.context.ServletWebServerApplicationContext:292>>Root WebApplicationContext: initialization completed in 3458 ms
2023-06-11-22 INFO [main]-
                com.alibaba.druid.spring.boot.autoconfigure.DruidDataSourceAutoConfigure:56>>Init DruidDataSource
2023-06-11-22 INFO [main]-
                com.alibaba.druid.pool.DruidDataSource:994>>{dataSource-1} inited
2023-06-11-22 INFO [main]-
                tk.mybatis.mapper.autoconfigure.MapperCacheDisabler:60>>Clear tk.mybatis.mapper.util.MsUtil CLASS_CACHE cache.
2023-06-11-22 INFO [main]-
                tk.mybatis.mapper.autoconfigure.MapperCacheDisabler:60>>Clear tk.mybatis.mapper.genid.GenIdUtil CACHE cache.
2023-06-11-22 INFO [main]-
                tk.mybatis.mapper.autoconfigure.MapperCacheDisabler:60>>Clear tk.mybatis.mapper.version.VersionUtil CACHE cache.
2023-06-11-22 INFO [main]-
                tk.mybatis.mapper.autoconfigure.MapperCacheDisabler:83>>Clear EntityHelper entityTableMap cache.
2023-06-11-22 INFO [main]-
                org.quartz.impl.StdSchedulerFactory:1220>>Using default implementation for ThreadExecutor
2023-06-11-22 INFO [main]-
                org.quartz.core.SchedulerSignalerImpl:61>>Initialized Scheduler Signaller of type: class org.quartz.core.SchedulerSignalerImpl
2023-06-11-22 INFO [main]-
                org.quartz.core.QuartzScheduler:229>>Quartz Scheduler v.2.3.2 created.
2023-06-11-22 INFO [main]-
                org.quartz.simpl.RAMJobStore:155>>RAMJobStore initialized.
2023-06-11-22 INFO [main]-
                org.quartz.core.QuartzScheduler:294>>Scheduler meta-data: Quartz Scheduler (v2.3.2) 'quartzScheduler' with instanceId 'NON_CLUSTERED'
  Scheduler class: 'org.quartz.core.QuartzScheduler' - running locally.
  NOT STARTED.
  Currently in standby mode.
  Number of jobs executed: 0
  Using thread pool 'org.quartz.simpl.SimpleThreadPool' - with 10 threads.
  Using job-store 'org.quartz.simpl.RAMJobStore' - which does not support persistence. and is not clustered.

2023-06-11-22 INFO [main]-
                org.quartz.impl.StdSchedulerFactory:1374>>Quartz scheduler 'quartzScheduler' initialized from an externally provided properties instance.
2023-06-11-22 INFO [main]-
                org.quartz.impl.StdSchedulerFactory:1378>>Quartz scheduler version: 2.3.2
2023-06-11-22 INFO [main]-
                org.quartz.core.QuartzScheduler:2293>>JobFactory set to: org.springframework.scheduling.quartz.SpringBeanJobFactory@3beaa16d
2023-06-11-22 INFO [main]-
                org.apache.juli.logging.DirectJDKLog:173>>Starting ProtocolHandler ["http-nio-8080"]
2023-06-11-22 INFO [main]-
                org.springframework.boot.web.embedded.tomcat.TomcatWebServer:220>>Tomcat started on port(s): 8080 (http) with context path ''
2023-06-11-22 WARN [main]-
                springfox.documentation.swagger.readers.operation.OperationImplicitParameterReader:170>>Unable to interpret the implicit parameter configuration with dataType: string, dataTypeClass: class java.lang.Void
2023-06-11-22 WARN [main]-
                springfox.documentation.swagger.readers.operation.OperationImplicitParameterReader:170>>Unable to interpret the implicit parameter configuration with dataType: string, dataTypeClass: class java.lang.Void
2023-06-11-22 WARN [main]-
                springfox.documentation.swagger.readers.operation.OperationImplicitParameterReader:170>>Unable to interpret the implicit parameter configuration with dataType: int, dataTypeClass: class java.lang.Void
2023-06-11-22 WARN [main]-
                springfox.documentation.swagger.readers.operation.OperationImplicitParameterReader:170>>Unable to interpret the implicit parameter configuration with dataType: int, dataTypeClass: class java.lang.Void
2023-06-11-22 INFO [main]-
                org.springframework.scheduling.quartz.SchedulerFactoryBean:729>>Starting Quartz Scheduler now
2023-06-11-22 INFO [main]-
                org.quartz.core.QuartzScheduler:547>>Scheduler quartzScheduler_$_NON_CLUSTERED started.
2023-06-11-22 INFO [main]-
                org.springframework.boot.StartupInfoLogger:61>>Started ApiApplication in 8.933 seconds (JVM running for 10.477)
2023-06-11-22 INFO [http-nio-8080-exec-1]-
                org.apache.juli.logging.DirectJDKLog:173>>Initializing Spring DispatcherServlet 'dispatcherServlet'
2023-06-11-22 INFO [http-nio-8080-exec-1]-
                org.springframework.web.servlet.FrameworkServlet:525>>Initializing Servlet 'dispatcherServlet'
2023-06-11-22 INFO [http-nio-8080-exec-1]-
                org.springframework.web.servlet.FrameworkServlet:547>>Completed initialization in 2 ms
2023-06-11-22 INFO [http-nio-8080-exec-4]-
                com.kzh.service.impl.ProductServiceImpl:38>>商品推荐查询成功
2023-06-11-22 INFO [http-nio-8080-exec-5]-
                com.kzh.service.impl.CategoryServiceImpl:32>>分类推荐查询成功
2023-06-11-22 INFO [http-nio-8080-exec-6]-
                com.kzh.service.impl.OrderServiceImpl:119>>修改订单状态
2023-06-11-22 INFO [http-nio-8080-exec-2]-
                com.kzh.service.impl.OrderServiceImpl:119>>修改订单状态
2023-06-11-22 INFO [http-nio-8080-exec-6]-
                com.kzh.service.impl.ShoppingCartServiceImpl:104>>购物车商品删除失败
2023-06-11-22 INFO [http-nio-8080-exec-6]-
                com.kzh.service.impl.ProductServiceImpl:38>>商品推荐查询成功
2023-06-11-22 INFO [http-nio-8080-exec-7]-
                com.kzh.service.impl.CategoryServiceImpl:32>>分类推荐查询成功
2023-06-11-22 INFO [http-nio-8080-exec-3]-
                com.kzh.service.impl.ProductServiceImpl:83>>商品参数信息查询成功
2023-06-11-22 INFO [http-nio-8080-exec-1]-
                com.kzh.service.impl.ProductCommontsServiceImpl:44>>此商品暂无评论
2023-06-11-22 INFO [http-nio-8080-exec-8]-
                com.kzh.service.impl.ProductServiceImpl:68>>商品信息查询成功
2023-06-11-22 INFO [http-nio-8080-exec-10]-
                com.kzh.service.impl.ShoppingCartServiceImpl:46>>商品添加成功
2023-06-11-22 INFO [http-nio-8080-exec-3]-
                com.kzh.service.impl.ShoppingCartServiceImpl:101>>购物车商品删除成功
2023-06-11-22 INFO [http-nio-8080-exec-5]-
                com.kzh.service.impl.ProductServiceImpl:38>>商品推荐查询成功
2023-06-11-22 INFO [http-nio-8080-exec-9]-
                com.kzh.service.impl.CategoryServiceImpl:32>>分类推荐查询成功
2023-06-11-22 INFO [http-nio-8080-exec-3]-
                com.kzh.service.impl.ProductCommontsServiceImpl:44>>此商品暂无评论
2023-06-11-22 INFO [http-nio-8080-exec-7]-
                com.kzh.service.impl.ProductServiceImpl:83>>商品参数信息查询成功
2023-06-11-22 INFO [http-nio-8080-exec-6]-
                com.kzh.service.impl.ProductServiceImpl:68>>商品信息查询成功
2023-06-11-22 INFO [http-nio-8080-exec-1]-
                com.kzh.service.impl.ShoppingCartServiceImpl:46>>商品添加成功
2023-06-11-22 INFO [http-nio-8080-exec-9]-
                com.kzh.service.impl.ShoppingCartServiceImpl:101>>购物车商品删除成功
2023-06-11-22 INFO [http-nio-8080-exec-1]-
                com.kzh.service.impl.ProductServiceImpl:38>>商品推荐查询成功
2023-06-11-22 INFO [http-nio-8080-exec-8]-
                com.kzh.service.impl.CategoryServiceImpl:32>>分类推荐查询成功
2023-06-11-22 INFO [http-nio-8080-exec-3]-
                com.kzh.service.impl.IndexImgServiceImpl:28>>轮播图查询成功
2023-06-11-22 INFO [http-nio-8080-exec-6]-
                com.kzh.service.impl.CategoryServiceImpl:25>>分类列表查询成功
2023-06-11-22 INFO [http-nio-8080-exec-7]-
                com.kzh.service.impl.ProductServiceImpl:38>>商品推荐查询成功
2023-06-11-22 INFO [http-nio-8080-exec-1]-
                com.kzh.service.impl.CategoryServiceImpl:32>>分类推荐查询成功
2023-06-11-22 INFO [http-nio-8080-exec-4]-
                com.kzh.service.impl.ProductServiceImpl:68>>商品信息查询成功
2023-06-11-22 INFO [http-nio-8080-exec-9]-
                com.kzh.service.impl.ProductServiceImpl:83>>商品参数信息查询成功
2023-06-11-22 INFO [http-nio-8080-exec-3]-
                com.kzh.service.impl.ProductCommontsServiceImpl:44>>此商品暂无评论
2023-06-11-22 INFO [http-nio-8080-exec-7]-
                com.kzh.service.impl.ShoppingCartServiceImpl:46>>商品添加成功
2023-06-11-22 INFO [http-nio-8080-exec-2]-
                com.kzh.service.impl.ShoppingCartServiceImpl:88>>结算商品查询成功
2023-06-11-22 INFO [http-nio-8080-exec-5]-
                com.kzh.service.impl.UserAddrServiceImpl:33>>用户地址查询成功
2023-06-11-22 INFO [http-nio-8080-exec-9]-
                com.kzh.service.impl.OrderServiceImpl:41>>开始提交订单
2023-06-11-22 INFO [http-nio-8080-exec-9]-
                com.kzh.service.impl.OrderServiceImpl:63>>商品库存足够
2023-06-11-22 INFO [http-nio-8080-exec-9]-
                com.kzh.service.impl.OrderServiceImpl:107>>订单提交完成
2023-06-11-22 INFO [http-nio-8080-exec-6]-
                com.kzh.service.impl.OrderServiceImpl:119>>修改订单状态
2023-06-11-22 INFO [http-nio-8080-exec-10]-
                com.kzh.service.impl.OrderServiceImpl:119>>修改订单状态
2023-06-11-22 INFO [http-nio-8080-exec-1]-
                com.kzh.service.impl.OrderServiceImpl:119>>修改订单状态
2023-06-11-22 INFO [http-nio-8080-exec-5]-
                com.kzh.service.impl.OrderServiceImpl:119>>修改订单状态
2023-06-11-22 INFO [http-nio-8080-exec-4]-
                com.kzh.service.impl.OrderServiceImpl:119>>修改订单状态
2023-06-11-22 INFO [SpringApplicationShutdownHook]-
                org.quartz.core.QuartzScheduler:585>>Scheduler quartzScheduler_$_NON_CLUSTERED paused.
2023-06-11-22 INFO [SpringApplicationShutdownHook]-
                org.springframework.scheduling.quartz.SchedulerFactoryBean:847>>Shutting down Quartz Scheduler
2023-06-11-22 INFO [SpringApplicationShutdownHook]-
                org.quartz.core.QuartzScheduler:666>>Scheduler quartzScheduler_$_NON_CLUSTERED shutting down.
2023-06-11-22 INFO [SpringApplicationShutdownHook]-
                org.quartz.core.QuartzScheduler:585>>Scheduler quartzScheduler_$_NON_CLUSTERED paused.
2023-06-11-22 INFO [SpringApplicationShutdownHook]-
                org.quartz.core.QuartzScheduler:740>>Scheduler quartzScheduler_$_NON_CLUSTERED shutdown complete.
2023-06-11-22 INFO [SpringApplicationShutdownHook]-
                com.alibaba.druid.pool.DruidDataSource:2029>>{dataSource-1} closing ...
2023-06-11-22 INFO [SpringApplicationShutdownHook]-
                com.alibaba.druid.pool.DruidDataSource:2101>>{dataSource-1} closed
2023-06-11-22 INFO [main]-
                org.springframework.boot.StartupInfoLogger:55>>Starting ApiApplication using Java 1.8.0_341 on KK with PID 7700 (C:\Users\kzh\Desktop\bookstore\api\target\classes started by kzh in C:\Users\kzh\Desktop\bookstore)
2023-06-11-22 INFO [main]-
                org.springframework.boot.SpringApplication:631>>No active profile set, falling back to 1 default profile: "default"
2023-06-11-22 INFO [main]-
                org.springframework.data.repository.config.RepositoryConfigurationDelegate:262>>Multiple Spring Data modules found, entering strict repository configuration mode
2023-06-11-22 INFO [main]-
                org.springframework.data.repository.config.RepositoryConfigurationDelegate:132>>Bootstrapping Spring Data Redis repositories in DEFAULT mode.
2023-06-11-22 INFO [main]-
                org.springframework.data.repository.config.RepositoryConfigurationDelegate:201>>Finished Spring Data repository scanning in 59 ms. Found 0 Redis repository interfaces.
2023-06-11-22 WARN [main]-
                org.mybatis.logging.Logger:44>>No MyBatis mapper was found in '[com.kzh]' package. Please check your configuration.
2023-06-11-22 INFO [main]-
                org.springframework.boot.web.embedded.tomcat.TomcatWebServer:108>>Tomcat initialized with port(s): 8080 (http)
2023-06-11-22 INFO [main]-
                org.apache.juli.logging.DirectJDKLog:173>>Initializing ProtocolHandler ["http-nio-8080"]
2023-06-11-22 INFO [main]-
                org.apache.juli.logging.DirectJDKLog:173>>Starting service [Tomcat]
2023-06-11-22 INFO [main]-
                org.apache.juli.logging.DirectJDKLog:173>>Starting Servlet engine: [Apache Tomcat/9.0.73]
2023-06-11-22 INFO [main]-
                org.apache.juli.logging.DirectJDKLog:173>>Initializing Spring embedded WebApplicationContext
2023-06-11-22 INFO [main]-
                org.springframework.boot.web.servlet.context.ServletWebServerApplicationContext:292>>Root WebApplicationContext: initialization completed in 3248 ms
2023-06-11-22 INFO [main]-
                com.alibaba.druid.spring.boot.autoconfigure.DruidDataSourceAutoConfigure:56>>Init DruidDataSource
2023-06-11-22 INFO [main]-
                com.alibaba.druid.pool.DruidDataSource:994>>{dataSource-1} inited
2023-06-11-22 INFO [main]-
                tk.mybatis.mapper.autoconfigure.MapperCacheDisabler:60>>Clear tk.mybatis.mapper.util.MsUtil CLASS_CACHE cache.
2023-06-11-22 INFO [main]-
                tk.mybatis.mapper.autoconfigure.MapperCacheDisabler:60>>Clear tk.mybatis.mapper.genid.GenIdUtil CACHE cache.
2023-06-11-22 INFO [main]-
                tk.mybatis.mapper.autoconfigure.MapperCacheDisabler:60>>Clear tk.mybatis.mapper.version.VersionUtil CACHE cache.
2023-06-11-22 INFO [main]-
                tk.mybatis.mapper.autoconfigure.MapperCacheDisabler:83>>Clear EntityHelper entityTableMap cache.
2023-06-11-22 INFO [main]-
                org.quartz.impl.StdSchedulerFactory:1220>>Using default implementation for ThreadExecutor
2023-06-11-22 INFO [main]-
                org.quartz.core.SchedulerSignalerImpl:61>>Initialized Scheduler Signaller of type: class org.quartz.core.SchedulerSignalerImpl
2023-06-11-22 INFO [main]-
                org.quartz.core.QuartzScheduler:229>>Quartz Scheduler v.2.3.2 created.
2023-06-11-22 INFO [main]-
                org.quartz.simpl.RAMJobStore:155>>RAMJobStore initialized.
2023-06-11-22 INFO [main]-
                org.quartz.core.QuartzScheduler:294>>Scheduler meta-data: Quartz Scheduler (v2.3.2) 'quartzScheduler' with instanceId 'NON_CLUSTERED'
  Scheduler class: 'org.quartz.core.QuartzScheduler' - running locally.
  NOT STARTED.
  Currently in standby mode.
  Number of jobs executed: 0
  Using thread pool 'org.quartz.simpl.SimpleThreadPool' - with 10 threads.
  Using job-store 'org.quartz.simpl.RAMJobStore' - which does not support persistence. and is not clustered.

2023-06-11-22 INFO [main]-
                org.quartz.impl.StdSchedulerFactory:1374>>Quartz scheduler 'quartzScheduler' initialized from an externally provided properties instance.
2023-06-11-22 INFO [main]-
                org.quartz.impl.StdSchedulerFactory:1378>>Quartz scheduler version: 2.3.2
2023-06-11-22 INFO [main]-
                org.quartz.core.QuartzScheduler:2293>>JobFactory set to: org.springframework.scheduling.quartz.SpringBeanJobFactory@2b3abeeb
2023-06-11-22 INFO [main]-
                org.apache.juli.logging.DirectJDKLog:173>>Starting ProtocolHandler ["http-nio-8080"]
2023-06-11-22 INFO [main]-
                org.springframework.boot.web.embedded.tomcat.TomcatWebServer:220>>Tomcat started on port(s): 8080 (http) with context path ''
2023-06-11-22 WARN [main]-
                springfox.documentation.swagger.readers.operation.OperationImplicitParameterReader:170>>Unable to interpret the implicit parameter configuration with dataType: string, dataTypeClass: class java.lang.Void
2023-06-11-22 WARN [main]-
                springfox.documentation.swagger.readers.operation.OperationImplicitParameterReader:170>>Unable to interpret the implicit parameter configuration with dataType: string, dataTypeClass: class java.lang.Void
2023-06-11-22 WARN [main]-
                springfox.documentation.swagger.readers.operation.OperationImplicitParameterReader:170>>Unable to interpret the implicit parameter configuration with dataType: int, dataTypeClass: class java.lang.Void
2023-06-11-22 WARN [main]-
                springfox.documentation.swagger.readers.operation.OperationImplicitParameterReader:170>>Unable to interpret the implicit parameter configuration with dataType: int, dataTypeClass: class java.lang.Void
2023-06-11-22 INFO [main]-
                org.springframework.scheduling.quartz.SchedulerFactoryBean:729>>Starting Quartz Scheduler now
2023-06-11-22 INFO [main]-
                org.quartz.core.QuartzScheduler:547>>Scheduler quartzScheduler_$_NON_CLUSTERED started.
2023-06-11-22 INFO [main]-
                org.springframework.boot.StartupInfoLogger:61>>Started ApiApplication in 8.242 seconds (JVM running for 9.83)
2023-06-11-22 INFO [http-nio-8080-exec-1]-
                org.apache.juli.logging.DirectJDKLog:173>>Initializing Spring DispatcherServlet 'dispatcherServlet'
2023-06-11-22 INFO [http-nio-8080-exec-1]-
                org.springframework.web.servlet.FrameworkServlet:525>>Initializing Servlet 'dispatcherServlet'
2023-06-11-22 INFO [http-nio-8080-exec-1]-
                org.springframework.web.servlet.FrameworkServlet:547>>Completed initialization in 1 ms
2023-06-11-22 ERROR [http-nio-8080-exec-2]-
                org.apache.juli.logging.DirectJDKLog:175>>Servlet.service() for servlet [dispatcherServlet] in context with path [] threw exception [Request processing failed; nested exception is java.lang.NumberFormatException: For input string: "95#"] with root cause
java.lang.NumberFormatException: For input string: "95#"
	at java.lang.NumberFormatException.forInputString(NumberFormatException.java:65)
	at java.lang.Integer.parseInt(Integer.java:580)
	at java.lang.Integer.parseInt(Integer.java:615)
	at com.kzh.service.impl.ShoppingCartServiceImpl.listShoppingCartsByCids(ShoppingCartServiceImpl.java:85)
	at com.kzh.service.impl.ShoppingCartServiceImpl$$FastClassBySpringCGLIB$$6d7c251a.invoke(<generated>)
	at org.springframework.cglib.proxy.MethodProxy.invoke(MethodProxy.java:218)
	at org.springframework.aop.framework.CglibAopProxy.invokeMethod(CglibAopProxy.java:386)
	at org.springframework.aop.framework.CglibAopProxy.access$000(CglibAopProxy.java:85)
	at org.springframework.aop.framework.CglibAopProxy$DynamicAdvisedInterceptor.intercept(CglibAopProxy.java:704)
	at com.kzh.service.impl.ShoppingCartServiceImpl$$EnhancerBySpringCGLIB$$487f793d.listShoppingCartsByCids(<generated>)
	at com.kzh.controller.ShopCartController.listByCids(ShopCartController.java:56)
	at com.kzh.controller.ShopCartController$$FastClassBySpringCGLIB$$a04093a2.invoke(<generated>)
	at org.springframework.cglib.proxy.MethodProxy.invoke(MethodProxy.java:218)
	at org.springframework.aop.framework.CglibAopProxy$CglibMethodInvocation.invokeJoinpoint(CglibAopProxy.java:793)
	at org.springframework.aop.framework.ReflectiveMethodInvocation.proceed(ReflectiveMethodInvocation.java:163)
	at org.springframework.aop.framework.CglibAopProxy$CglibMethodInvocation.proceed(CglibAopProxy.java:763)
	at org.springframework.cache.interceptor.CacheInterceptor.lambda$invoke$0(CacheInterceptor.java:54)
	at org.springframework.cache.interceptor.CacheAspectSupport.invokeOperation(CacheAspectSupport.java:366)
	at org.springframework.cache.interceptor.CacheAspectSupport.execute(CacheAspectSupport.java:421)
	at org.springframework.cache.interceptor.CacheAspectSupport.execute(CacheAspectSupport.java:345)
	at org.springframework.cache.interceptor.CacheInterceptor.invoke(CacheInterceptor.java:64)
	at org.springframework.aop.framework.ReflectiveMethodInvocation.proceed(ReflectiveMethodInvocation.java:186)
	at org.springframework.aop.framework.CglibAopProxy$CglibMethodInvocation.proceed(CglibAopProxy.java:763)
	at org.springframework.aop.framework.CglibAopProxy$DynamicAdvisedInterceptor.intercept(CglibAopProxy.java:708)
	at com.kzh.controller.ShopCartController$$EnhancerBySpringCGLIB$$4729e55a.listByCids(<generated>)
	at sun.reflect.NativeMethodAccessorImpl.invoke0(Native Method)
	at sun.reflect.NativeMethodAccessorImpl.invoke(NativeMethodAccessorImpl.java:62)
	at sun.reflect.DelegatingMethodAccessorImpl.invoke(DelegatingMethodAccessorImpl.java:43)
	at java.lang.reflect.Method.invoke(Method.java:498)
	at org.springframework.web.method.support.InvocableHandlerMethod.doInvoke(InvocableHandlerMethod.java:205)
	at org.springframework.web.method.support.InvocableHandlerMethod.invokeForRequest(InvocableHandlerMethod.java:150)
	at org.springframework.web.servlet.mvc.method.annotation.ServletInvocableHandlerMethod.invokeAndHandle(ServletInvocableHandlerMethod.java:117)
	at org.springframework.web.servlet.mvc.method.annotation.RequestMappingHandlerAdapter.invokeHandlerMethod(RequestMappingHandlerAdapter.java:895)
	at org.springframework.web.servlet.mvc.method.annotation.RequestMappingHandlerAdapter.handleInternal(RequestMappingHandlerAdapter.java:808)
	at org.springframework.web.servlet.mvc.method.AbstractHandlerMethodAdapter.handle(AbstractHandlerMethodAdapter.java:87)
	at org.springframework.web.servlet.DispatcherServlet.doDispatch(DispatcherServlet.java:1072)
	at org.springframework.web.servlet.DispatcherServlet.doService(DispatcherServlet.java:965)
	at org.springframework.web.servlet.FrameworkServlet.processRequest(FrameworkServlet.java:1006)
	at org.springframework.web.servlet.FrameworkServlet.doGet(FrameworkServlet.java:898)
	at javax.servlet.http.HttpServlet.service(HttpServlet.java:502)
	at org.springframework.web.servlet.FrameworkServlet.service(FrameworkServlet.java:883)
	at javax.servlet.http.HttpServlet.service(HttpServlet.java:596)
	at org.apache.catalina.core.ApplicationFilterChain.internalDoFilter(ApplicationFilterChain.java:209)
	at org.apache.catalina.core.ApplicationFilterChain.doFilter(ApplicationFilterChain.java:153)
	at org.apache.tomcat.websocket.server.WsFilter.doFilter(WsFilter.java:53)
	at org.apache.catalina.core.ApplicationFilterChain.internalDoFilter(ApplicationFilterChain.java:178)
	at org.apache.catalina.core.ApplicationFilterChain.doFilter(ApplicationFilterChain.java:153)
	at org.springframework.web.filter.RequestContextFilter.doFilterInternal(RequestContextFilter.java:100)
	at org.springframework.web.filter.OncePerRequestFilter.doFilter(OncePerRequestFilter.java:117)
	at org.apache.catalina.core.ApplicationFilterChain.internalDoFilter(ApplicationFilterChain.java:178)
	at org.apache.catalina.core.ApplicationFilterChain.doFilter(ApplicationFilterChain.java:153)
	at org.springframework.web.filter.FormContentFilter.doFilterInternal(FormContentFilter.java:93)
	at org.springframework.web.filter.OncePerRequestFilter.doFilter(OncePerRequestFilter.java:117)
	at org.apache.catalina.core.ApplicationFilterChain.internalDoFilter(ApplicationFilterChain.java:178)
	at org.apache.catalina.core.ApplicationFilterChain.doFilter(ApplicationFilterChain.java:153)
	at org.springframework.web.filter.CharacterEncodingFilter.doFilterInternal(CharacterEncodingFilter.java:201)
	at org.springframework.web.filter.OncePerRequestFilter.doFilter(OncePerRequestFilter.java:117)
	at org.apache.catalina.core.ApplicationFilterChain.internalDoFilter(ApplicationFilterChain.java:178)
	at org.apache.catalina.core.ApplicationFilterChain.doFilter(ApplicationFilterChain.java:153)
	at org.apache.catalina.core.StandardWrapperValve.invoke(StandardWrapperValve.java:167)
	at org.apache.catalina.core.StandardContextValve.invoke(StandardContextValve.java:90)
	at org.apache.catalina.authenticator.AuthenticatorBase.invoke(AuthenticatorBase.java:492)
	at org.apache.catalina.core.StandardHostValve.invoke(StandardHostValve.java:130)
	at org.apache.catalina.valves.ErrorReportValve.invoke(ErrorReportValve.java:93)
	at org.apache.catalina.core.StandardEngineValve.invoke(StandardEngineValve.java:74)
	at org.apache.catalina.connector.CoyoteAdapter.service(CoyoteAdapter.java:343)
	at org.apache.coyote.http11.Http11Processor.service(Http11Processor.java:389)
	at org.apache.coyote.AbstractProcessorLight.process(AbstractProcessorLight.java:63)
	at org.apache.coyote.AbstractProtocol$ConnectionHandler.process(AbstractProtocol.java:926)
	at org.apache.tomcat.util.net.NioEndpoint$SocketProcessor.doRun(NioEndpoint.java:1791)
	at org.apache.tomcat.util.net.SocketProcessorBase.run(SocketProcessorBase.java:49)
	at org.apache.tomcat.util.threads.ThreadPoolExecutor.runWorker(ThreadPoolExecutor.java:1191)
	at org.apache.tomcat.util.threads.ThreadPoolExecutor$Worker.run(ThreadPoolExecutor.java:659)
	at org.apache.tomcat.util.threads.TaskThread$WrappingRunnable.run(TaskThread.java:61)
	at java.lang.Thread.run(Thread.java:750)
2023-06-11-22 INFO [http-nio-8080-exec-6]-
                com.kzh.service.impl.ProductServiceImpl:38>>商品推荐查询成功
2023-06-11-22 INFO [http-nio-8080-exec-8]-
                com.kzh.service.impl.CategoryServiceImpl:32>>分类推荐查询成功
2023-06-11-22 INFO [http-nio-8080-exec-9]-
                com.kzh.service.impl.ProductServiceImpl:83>>商品参数信息查询成功
2023-06-11-22 INFO [http-nio-8080-exec-10]-
                com.kzh.service.impl.ProductCommontsServiceImpl:44>>此商品暂无评论
2023-06-11-22 INFO [http-nio-8080-exec-4]-
                com.kzh.service.impl.ProductServiceImpl:68>>商品信息查询成功
2023-06-11-22 INFO [http-nio-8080-exec-1]-
                com.kzh.service.impl.ShoppingCartServiceImpl:46>>商品添加成功
2023-06-11-22 INFO [http-nio-8080-exec-2]-
                com.kzh.service.impl.ShoppingCartServiceImpl:40>>购物车中已有此套餐
2023-06-11-22 INFO [http-nio-8080-exec-5]-
                com.kzh.service.impl.ShoppingCartServiceImpl:46>>商品添加成功
2023-06-11-22 INFO [http-nio-8080-exec-3]-
                com.kzh.service.impl.ShoppingCartServiceImpl:46>>商品添加成功
2023-06-11-22 INFO [http-nio-8080-exec-9]-
                com.kzh.service.impl.UserAddrServiceImpl:33>>用户地址查询成功
2023-06-11-22 INFO [http-nio-8080-exec-10]-
                com.kzh.service.impl.ShoppingCartServiceImpl:88>>结算商品查询成功
2023-06-11-22 INFO [http-nio-8080-exec-6]-
                com.kzh.service.impl.OrderServiceImpl:119>>修改订单状态
2023-06-11-22 INFO [http-nio-8080-exec-1]-
                com.kzh.service.impl.OrderServiceImpl:41>>开始提交订单
2023-06-11-22 INFO [http-nio-8080-exec-1]-
                com.kzh.service.impl.OrderServiceImpl:63>>商品库存足够
2023-06-11-22 INFO [http-nio-8080-exec-1]-
                com.kzh.service.impl.OrderServiceImpl:107>>订单提交完成
2023-06-11-22 INFO [http-nio-8080-exec-9]-
                com.kzh.service.impl.OrderServiceImpl:119>>修改订单状态
2023-06-11-22 INFO [http-nio-8080-exec-5]-
                com.kzh.service.impl.ProductServiceImpl:38>>商品推荐查询成功
2023-06-11-22 INFO [http-nio-8080-exec-2]-
                com.kzh.service.impl.CategoryServiceImpl:32>>分类推荐查询成功
2023-06-11-22 INFO [http-nio-8080-exec-4]-
                com.kzh.service.impl.ProductServiceImpl:38>>商品推荐查询成功
2023-06-11-22 INFO [http-nio-8080-exec-1]-
                com.kzh.service.impl.CategoryServiceImpl:32>>分类推荐查询成功
2023-06-11-22 INFO [http-nio-8080-exec-10]-
                com.kzh.service.impl.ProductServiceImpl:38>>商品推荐查询成功
2023-06-11-22 INFO [http-nio-8080-exec-6]-
                com.kzh.service.impl.CategoryServiceImpl:32>>分类推荐查询成功
2023-06-11-22 INFO [http-nio-8080-exec-9]-
                com.kzh.service.impl.ProductServiceImpl:83>>商品参数信息查询成功
2023-06-11-22 INFO [http-nio-8080-exec-5]-
                com.kzh.service.impl.ProductServiceImpl:68>>商品信息查询成功
2023-06-11-22 INFO [http-nio-8080-exec-3]-
                com.kzh.service.impl.ProductCommontsServiceImpl:44>>此商品暂无评论
2023-06-11-22 INFO [http-nio-8080-exec-7]-
                com.kzh.service.impl.ProductServiceImpl:94>>猜你喜欢 查询成功
2023-06-11-22 INFO [http-nio-8080-exec-1]-
                com.kzh.service.impl.ProductServiceImpl:94>>猜你喜欢 查询成功
2023-06-11-22 INFO [http-nio-8080-exec-9]-
                com.kzh.service.impl.ProductServiceImpl:38>>商品推荐查询成功
2023-06-11-22 INFO [http-nio-8080-exec-5]-
                com.kzh.service.impl.CategoryServiceImpl:32>>分类推荐查询成功
2023-06-11-22 INFO [http-nio-8080-exec-1]-
                com.kzh.service.impl.ProductServiceImpl:38>>商品推荐查询成功
2023-06-11-22 INFO [http-nio-8080-exec-8]-
                com.kzh.service.impl.CategoryServiceImpl:32>>分类推荐查询成功
2023-06-11-22 INFO [lettuce-nioEventLoop-4-1]-
                io.netty.util.internal.logging.AbstractInternalLogger:217>>null Unexpected exception during request: java.io.IOException: 远程主机强迫关闭了一个现有的连接。
java.io.IOException: 远程主机强迫关闭了一个现有的连接。
	at sun.nio.ch.SocketDispatcher.read0(Native Method)
	at sun.nio.ch.SocketDispatcher.read(SocketDispatcher.java:43)
	at sun.nio.ch.IOUtil.readIntoNativeBuffer(IOUtil.java:223)
	at sun.nio.ch.IOUtil.read(IOUtil.java:192)
	at sun.nio.ch.SocketChannelImpl.read(SocketChannelImpl.java:378)
	at io.netty.buffer.PooledByteBuf.setBytes(PooledByteBuf.java:256)
	at io.netty.buffer.AbstractByteBuf.writeBytes(AbstractByteBuf.java:1132)
	at io.netty.channel.socket.nio.NioSocketChannel.doReadBytes(NioSocketChannel.java:357)
	at io.netty.channel.nio.AbstractNioByteChannel$NioByteUnsafe.read(AbstractNioByteChannel.java:151)
	at io.netty.channel.nio.NioEventLoop.processSelectedKey(NioEventLoop.java:788)
	at io.netty.channel.nio.NioEventLoop.processSelectedKeysOptimized(NioEventLoop.java:724)
	at io.netty.channel.nio.NioEventLoop.processSelectedKeys(NioEventLoop.java:650)
	at io.netty.channel.nio.NioEventLoop.run(NioEventLoop.java:562)
	at io.netty.util.concurrent.SingleThreadEventExecutor$4.run(SingleThreadEventExecutor.java:997)
	at io.netty.util.internal.ThreadExecutorMap$2.run(ThreadExecutorMap.java:74)
	at io.netty.util.concurrent.FastThreadLocalRunnable.run(FastThreadLocalRunnable.java:30)
	at java.lang.Thread.run(Thread.java:750)
2023-06-11-22 INFO [lettuce-eventExecutorLoop-1-9]-
                io.netty.util.internal.logging.AbstractInternalLogger:171>>Reconnecting, last destination was localhost/127.0.0.1:6379
2023-06-11-22 WARN [lettuce-nioEventLoop-4-2]-
                io.netty.util.internal.logging.AbstractInternalLogger:151>>Cannot reconnect to [localhost:6379]: Connection refused: no further information: localhost/127.0.0.1:6379
2023-06-11-22 INFO [SpringApplicationShutdownHook]-
                org.quartz.core.QuartzScheduler:585>>Scheduler quartzScheduler_$_NON_CLUSTERED paused.
2023-06-11-22 INFO [SpringApplicationShutdownHook]-
                org.springframework.scheduling.quartz.SchedulerFactoryBean:847>>Shutting down Quartz Scheduler
2023-06-11-22 INFO [SpringApplicationShutdownHook]-
                org.quartz.core.QuartzScheduler:666>>Scheduler quartzScheduler_$_NON_CLUSTERED shutting down.
2023-06-11-22 INFO [SpringApplicationShutdownHook]-
                org.quartz.core.QuartzScheduler:585>>Scheduler quartzScheduler_$_NON_CLUSTERED paused.
2023-06-11-22 INFO [SpringApplicationShutdownHook]-
                org.quartz.core.QuartzScheduler:740>>Scheduler quartzScheduler_$_NON_CLUSTERED shutdown complete.
2023-06-11-22 INFO [SpringApplicationShutdownHook]-
                com.alibaba.druid.pool.DruidDataSource:2029>>{dataSource-1} closing ...
2023-06-11-22 INFO [SpringApplicationShutdownHook]-
                com.alibaba.druid.pool.DruidDataSource:2101>>{dataSource-1} closed
